C51 COMPILER V9.60.7.0   BEEPER                                                            12/07/2023 13:00:27 PAGE 1   


C51 COMPILER V9.60.7.0, COMPILATION OF MODULE BEEPER
OBJECT MODULE PLACED IN .\Objects\beeper.obj
COMPILER INVOKED BY: D:\Keil_v5\C51\BIN\C51.EXE ..\..\peripherials\Src\beeper.c OPTIMIZE(8,SPEED) INCDIR(.\Includes;..\.
                    -.\peripherials;..\..\peripherials\Inc) DEBUG OBJECTEXTEND PRINT(.\Listings\beeper.lst) TABS(2) OBJECT(.\Objects\beeper.o
                    -bj)

line level    source

   1          #include "main.h"
   2          #include "beeper.h"
   3          
   4          void beeper_on()
   5          {
   6   1          beeper = 0;
   7   1      }
   8          
   9          void beeper_off()
  10          {
  11   1          beeper = 1;
  12   1      }


MODULE INFORMATION:   STATIC OVERLAYABLE
   CODE SIZE        =      6    ----
   CONSTANT SIZE    =   ----    ----
   XDATA SIZE       =   ----    ----
   PDATA SIZE       =   ----    ----
   DATA SIZE        =   ----    ----
   IDATA SIZE       =   ----    ----
   BIT SIZE         =   ----    ----
END OF MODULE INFORMATION.


C51 COMPILATION COMPLETE.  0 WARNING(S),  0 ERROR(S)
