C51 COMPILER V9.60.7.0   KEYS                                                              12/07/2023 13:00:27 PAGE 1   


C51 COMPILER V9.60.7.0, COMPILATION OF MODULE KEYS
OBJECT MODULE PLACED IN .\Objects\keys.obj
COMPILER INVOKED BY: D:\Keil_v5\C51\BIN\C51.EXE ..\..\peripherials\Src\keys.c OPTIMIZE(8,SPEED) INCDIR(.\Includes;..\..\
                    -peripherials;..\..\peripherials\Inc) DEBUG OBJECTEXTEND PRINT(.\Listings\keys.lst) TABS(2) OBJECT(.\Objects\keys.obj)

line level    source

   1          #include "keys.h"
   2          #include "delay.h"
   3          
   4          u8 key_scan(u8 mode)
   5          {
   6   1        static u8 key_up = 1;
   7   1        if (mode)
   8   1          key_up = 1;
   9   1        P3 = 0xff;
  10   1        if (key_up)
  11   1        {
  12   2          if (P3 != 0xff)
  13   2          {
  14   3            delay_ms(1);
  15   3            if (P3 != 0xff)
  16   3            {
  17   4              key_up = 0;
  18   4              switch (P3)
  19   4              {
  20   5              case 0xfe:
  21   5                return 1;
  22   5              case 0xfd:
  23   5                return 2;
  24   5              case 0xfb:
  25   5                return 3;
  26   5              case 0xf7:
  27   5                return 4;
  28   5              }
  29   4            }
  30   3          }
  31   2        }
  32   1        else
  33   1        {
  34   2          if (P3 == 0xff)
  35   2            key_up = 1;
  36   2        }
  37   1        return 0;
  38   1      }
  39          
  40          u8 matrix_key_scan(u8 mode)
  41          {
  42   1        static u8 key_up = 1;
  43   1        u8 keyval = 0;
  44   1        if (mode)
  45   1          key_up = 1;
  46   1        if (key_up)
  47   1        {
  48   2          P3 = 0Xf0;    // column scanner
  49   2          if (P3 != 0Xf0) // whether key pressed
  50   2          {
  51   3            delay_ms(5);  // delay 5ms
  52   3            if (P3 != 0Xf0) // whether key pressed
  53   3            {
  54   4              key_up = 0;
C51 COMPILER V9.60.7.0   KEYS                                                              12/07/2023 13:00:27 PAGE 2   

  55   4              switch (P3) // which column pressed
  56   4              {
  57   5              case 0xe0:
  58   5                keyval = 0x10;
  59   5                break; // column 1 pressed
  60   5              case 0xd0:
  61   5                keyval = 0x11;
  62   5                break; // column 2 pressed
  63   5              case 0xb0:
  64   5                keyval = 0x12;
  65   5                break; // column 3 pressed
  66   5              case 0x70:
  67   5                keyval = 0x13;
  68   5                break; // column 4 pressed
  69   5              }
  70   4              P3 = 0X0f;  // row scanner
  71   4              switch (P3) // which row pressed
  72   4              {
  73   5              case 0x0e:
  74   5                keyval += 0x00;
  75   5                break; // row 1 pressed
  76   5              case 0x0d:
  77   5                keyval += 0x04;
  78   5                break; // row 2 pressed
  79   5              case 0x0b:
  80   5                keyval += 0x08;
  81   5                break; // row 3 pressed
  82   5              case 0x07:
  83   5                keyval += 0x0c;
  84   5                break; // row 4 pressed
  85   5              }
  86   4            }
  87   3          }
  88   2        }
  89   1        else
  90   1        {
  91   2          P3 = 0xf0;
  92   2          if (P3 == 0xf0)
  93   2            key_up = 1;
  94   2        }
  95   1        return keyval;
  96   1      }
  97          
  98          u8 all_key_scan(u8 mode, u8 pri)
  99          {
 100   1        // TODO: Need to be implemented
 101   1        return 0;
 102   1      }
*** WARNING C280 IN LINE 98 OF ..\..\peripherials\Src\keys.c: 'mode': unreferenced local variable
*** WARNING C280 IN LINE 98 OF ..\..\peripherials\Src\keys.c: 'pri': unreferenced local variable


MODULE INFORMATION:   STATIC OVERLAYABLE
   CODE SIZE        =    207    ----
   CONSTANT SIZE    =   ----    ----
   XDATA SIZE       =   ----    ----
   PDATA SIZE       =   ----    ----
   DATA SIZE        =      2       3
   IDATA SIZE       =   ----    ----
   BIT SIZE         =   ----    ----
END OF MODULE INFORMATION.


C51 COMPILATION COMPLETE.  2 WARNING(S),  0 ERROR(S)
