C51 COMPILER V9.60.7.0   LED                                                               12/07/2023 13:00:27 PAGE 1   


C51 COMPILER V9.60.7.0, COMPILATION OF MODULE LED
OBJECT MODULE PLACED IN .\Objects\led.obj
COMPILER INVOKED BY: D:\Keil_v5\C51\BIN\C51.EXE ..\..\peripherials\Src\led.c OPTIMIZE(8,SPEED) INCDIR(.\Includes;..\..\p
                    -eripherials;..\..\peripherials\Inc) DEBUG OBJECTEXTEND PRINT(.\Listings\led.lst) TABS(2) OBJECT(.\Objects\led.obj)

line level    source

   1          #include "led.h"
   2          
   3          void led_init(void)
   4          {
   5   1          LED = 0xff;
   6   1      }
   7          
   8          void led_on(u8 ledx)
   9          {
  10   1        switch(ledx){
  11   2          case 0:
  12   2            LED0 = LED_ON;
  13   2            break;
  14   2          case 1:
  15   2            LED1 = LED_ON;
  16   2            break;
  17   2          case 2:
  18   2            LED2 = LED_ON;
  19   2            break;
  20   2          case 3:
  21   2            LED3 = LED_ON;
  22   2            break;
  23   2          case 4:
  24   2            LED4 = LED_ON;
  25   2            break;
  26   2          case 5:
  27   2            LED5 = LED_ON;
  28   2            break;
  29   2          case 6:
  30   2            LED6 = LED_ON;
  31   2            break;
  32   2          case 7:
  33   2            LED7 = LED_ON;
  34   2            break;
  35   2        }
  36   1      }
  37          
  38          void led_off(u8 ledx)
  39          {
  40   1        switch(ledx){
  41   2          case 0:
  42   2            LED0 = LED_OFF;
  43   2            break;
  44   2          case 1:
  45   2            LED1 = LED_OFF;
  46   2            break;
  47   2          case 2:
  48   2            LED2 = LED_OFF;
  49   2            break;
  50   2          case 3:
  51   2            LED3 = LED_OFF;
  52   2            break;
  53   2          case 4:
  54   2            LED4 = LED_OFF;
C51 COMPILER V9.60.7.0   LED                                                               12/07/2023 13:00:27 PAGE 2   

  55   2            break;
  56   2          case 5:
  57   2            LED5 = LED_OFF;
  58   2            break;
  59   2          case 6:
  60   2            LED6 = LED_OFF;
  61   2            break;
  62   2          case 7:
  63   2            LED7 = LED_OFF;
  64   2            break;
  65   2        }
  66   1      }
  67          
  68          void led_toggle(u8 ledx)
  69          {
  70   1        switch(ledx){
  71   2          case 0:
  72   2            LED0 = !LED0;
  73   2            break;
  74   2          case 1:
  75   2            LED1 = !LED1;
  76   2            break;
  77   2          case 2:
  78   2            LED2 = !LED2;
  79   2            break;
  80   2          case 3:
  81   2            LED3 = !LED3;
  82   2            break;
  83   2          case 4:
  84   2            LED4 = !LED4;
  85   2            break;
  86   2          case 5:
  87   2            LED5 = !LED5;
  88   2            break;
  89   2          case 6:
  90   2            LED6 = !LED6;
  91   2            break;
  92   2          case 7:
  93   2            LED7 = !LED7;
  94   2            break;
  95   2        }
  96   1      }


MODULE INFORMATION:   STATIC OVERLAYABLE
   CODE SIZE        =    187    ----
   CONSTANT SIZE    =   ----    ----
   XDATA SIZE       =   ----    ----
   PDATA SIZE       =   ----    ----
   DATA SIZE        =   ----    ----
   IDATA SIZE       =   ----    ----
   BIT SIZE         =   ----    ----
END OF MODULE INFORMATION.


C51 COMPILATION COMPLETE.  0 WARNING(S),  0 ERROR(S)
